<?xml version="1.0" encoding="UTF-8"?>
<testng-results ignored="2" total="3" passed="0" failed="1" skipped="0">
  <reporter-output>
  </reporter-output>
  <suite started-at="2024-01-18T20:27:25 IST" name="Default suite" finished-at="2024-01-18T20:27:37 IST" duration-ms="11444">
    <groups>
      <group name="regression">
        <method signature="ManageDeliveryBoyTest.verifyCreatingNewDeliveryBoy()[pri:0, instance:com.sevenmartsupermarket.tests.ManageDeliveryBoyTest@c730b35]" name="verifyCreatingNewDeliveryBoy" class="com.sevenmartsupermarket.tests.ManageDeliveryBoyTest"/>
      </group> <!-- regression -->
      <group name="smoke">
        <method signature="ManageDeliveryBoyTest.verifyCreatingNewDeliveryBoy()[pri:0, instance:com.sevenmartsupermarket.tests.ManageDeliveryBoyTest@c730b35]" name="verifyCreatingNewDeliveryBoy" class="com.sevenmartsupermarket.tests.ManageDeliveryBoyTest"/>
      </group> <!-- smoke -->
    </groups>
    <test started-at="2024-01-18T20:27:25 IST" name="Default test" finished-at="2024-01-18T20:27:37 IST" duration-ms="11444">
      <class name="com.sevenmartsupermarket.tests.ManageDeliveryBoyTest">
        <test-method is-config="true" signature="launchBrowser()[pri:0, instance:com.sevenmartsupermarket.tests.ManageDeliveryBoyTest@c730b35]" started-at="2024-01-18T20:27:25 IST" name="launchBrowser" finished-at="2024-01-18T20:27:33 IST" duration-ms="7891" status="PASS">
          <reporter-output>
          </reporter-output>
        </test-method> <!-- launchBrowser -->
        <test-method signature="verifyCreatingNewDeliveryBoy()[pri:0, instance:com.sevenmartsupermarket.tests.ManageDeliveryBoyTest@c730b35]" started-at="2024-01-18T20:27:33 IST" name="verifyCreatingNewDeliveryBoy" finished-at="2024-01-18T20:27:36 IST" duration-ms="2843" status="FAIL">
          <exception class="java.lang.NullPointerException">
            <message>
              <![CDATA[Cannot invoke "org.apache.poi.xssf.usermodel.XSSFCell.getCellType()" because "this.cell" is null]]>
            </message>
            <full-stacktrace>
              <![CDATA[java.lang.NullPointerException: Cannot invoke "org.apache.poi.xssf.usermodel.XSSFCell.getCellType()" because "this.cell" is null
at com.sevenmartsupermarket.utilities.ExcelReadUtility.getCellData(ExcelReadUtility.java:34)
at com.sevenmartsupermarket.tests.ManageDeliveryBoyTest.verifyCreatingNewDeliveryBoy(ManageDeliveryBoyTest.java:68)
at java.base/jdk.internal.reflect.NativeMethodAccessorImpl.invoke0(Native Method)
at java.base/jdk.internal.reflect.NativeMethodAccessorImpl.invoke(NativeMethodAccessorImpl.java:77)
at java.base/jdk.internal.reflect.DelegatingMethodAccessorImpl.invoke(DelegatingMethodAccessorImpl.java:43)
at java.base/java.lang.reflect.Method.invoke(Method.java:568)
at org.testng.internal.MethodInvocationHelper.invokeMethod(MethodInvocationHelper.java:133)
at org.testng.internal.TestInvoker.invokeMethod(TestInvoker.java:598)
at org.testng.internal.TestInvoker.invokeTestMethod(TestInvoker.java:173)
at org.testng.internal.MethodRunner.runInSequence(MethodRunner.java:46)
at org.testng.internal.TestInvoker$MethodInvocationAgent.invoke(TestInvoker.java:824)
at org.testng.internal.TestInvoker.invokeTestMethods(TestInvoker.java:146)
at org.testng.internal.TestMethodWorker.invokeTestMethods(TestMethodWorker.java:146)
at org.testng.internal.TestMethodWorker.run(TestMethodWorker.java:128)
at java.base/java.util.ArrayList.forEach(ArrayList.java:1511)
at org.testng.TestRunner.privateRun(TestRunner.java:794)
at org.testng.TestRunner.run(TestRunner.java:596)
at org.testng.SuiteRunner.runTest(SuiteRunner.java:377)
at org.testng.SuiteRunner.runSequentially(SuiteRunner.java:371)
at org.testng.SuiteRunner.privateRun(SuiteRunner.java:332)
at org.testng.SuiteRunner.run(SuiteRunner.java:276)
at org.testng.SuiteRunnerWorker.runSuite(SuiteRunnerWorker.java:53)
at org.testng.SuiteRunnerWorker.run(SuiteRunnerWorker.java:96)
at org.testng.TestNG.runSuitesSequentially(TestNG.java:1212)
at org.testng.TestNG.runSuitesLocally(TestNG.java:1134)
at org.testng.TestNG.runSuites(TestNG.java:1063)
at org.testng.TestNG.run(TestNG.java:1031)
at org.testng.remote.AbstractRemoteTestNG.run(AbstractRemoteTestNG.java:115)
at org.testng.remote.RemoteTestNG.initAndRun(RemoteTestNG.java:251)
at org.testng.remote.RemoteTestNG.main(RemoteTestNG.java:77)
]]>
            </full-stacktrace>
          </exception> <!-- java.lang.NullPointerException -->
          <reporter-output>
          </reporter-output>
        </test-method> <!-- verifyCreatingNewDeliveryBoy -->
        <test-method is-config="true" signature="terminateSession(org.testng.ITestResult)[pri:0, instance:com.sevenmartsupermarket.tests.ManageDeliveryBoyTest@c730b35]" started-at="2024-01-18T20:27:36 IST" name="terminateSession" finished-at="2024-01-18T20:27:37 IST" duration-ms="651" status="PASS">
          <params>
            <param index="0">
              <value>
                <![CDATA[[TestResult name=verifyCreatingNewDeliveryBoy status=FAILURE method=ManageDeliveryBoyTest.verifyCreatingNewDeliveryBoy()[pri:0, instance:com.sevenmartsupermarket.tests.ManageDeliveryBoyTest@c730b35] output={null}]]]>
              </value>
            </param>
          </params>
          <reporter-output>
          </reporter-output>
        </test-method> <!-- terminateSession -->
      </class> <!-- com.sevenmartsupermarket.tests.ManageDeliveryBoyTest -->
    </test> <!-- Default test -->
  </suite> <!-- Default suite -->
</testng-results>
